<?xml version="1.0" encoding="UTF-8"?>
<testng-results skipped="0" failed="0" total="1" passed="1">
  <reporter-output>
  </reporter-output>
  <suite name="Default suite" duration-ms="74028" started-at="2017-10-24T05:43:44Z" finished-at="2017-10-24T05:44:58Z">
    <groups>
    </groups>
    <test name="Default test" duration-ms="74028" started-at="2017-10-24T05:43:44Z" finished-at="2017-10-24T05:44:58Z">
      <class name="com.companyname.projectname.Test.TestController">
        <test-method status="PASS" signature="initBrowser()[pri:0, instance:com.companyname.projectname.Test.TestController@46d56d67]" name="initBrowser" is-config="true" duration-ms="831" started-at="2017-10-24T11:13:44Z" finished-at="2017-10-24T11:13:45Z">
          <reporter-output>
          </reporter-output>
        </test-method> <!-- initBrowser -->
        <test-method status="PASS" signature="TestCaseController()[pri:0, instance:com.companyname.projectname.Test.TestController@46d56d67]" name="TestCaseController" duration-ms="73165" started-at="2017-10-24T11:13:45Z" finished-at="2017-10-24T11:14:58Z">
          <reporter-output>
          </reporter-output>
        </test-method> <!-- TestCaseController -->
        <test-method status="PASS" signature="quitBrowser()[pri:0, instance:com.companyname.projectname.Test.TestController@46d56d67]" name="quitBrowser" is-config="true" duration-ms="4" started-at="2017-10-24T11:14:58Z" finished-at="2017-10-24T11:14:58Z">
          <reporter-output>
          </reporter-output>
        </test-method> <!-- quitBrowser -->
      </class> <!-- com.companyname.projectname.Test.TestController -->
    </test> <!-- Default test -->
  </suite> <!-- Default suite -->
</testng-results>
